app/build/intermediates/manifest_merge_blame_file/debug/manifest-merger-blame-debug-report.txt
1<?xml version="1.0" encoding="utf-8"?>
2<manifest xmlns:android="http://schemas.android.com/apk/res/android"
3    package="com.rabbitxp.mp4"
4    android:versionCode="1"
5    android:versionName="1.0" >
6
7    <uses-sdk
8        android:minSdkVersion="23"
8-->src/main/AndroidManifest.xml
9        android:targetSdkVersion="26" />
9-->src/main/AndroidManifest.xml
10
11    <uses-permission android:name="android.permission.WRITE_EXTERNAL_STORAGE" />
11-->src/main/AndroidManifest.xml:8:5-81
11-->src/main/AndroidManifest.xml:8:22-78
12
13    <supports-screens
13-->src/main/AndroidManifest.xml:29:1-105
14        android:largeScreens="true"
14-->src/main/AndroidManifest.xml:29:48-75
15        android:normalScreens="true"
15-->src/main/AndroidManifest.xml:29:19-47
16        android:smallScreens="true" />
16-->src/main/AndroidManifest.xml:29:76-103
17
18    <application
18-->src/main/AndroidManifest.xml:10:5-27:19
19        android:debuggable="true"
20        android:extractNativeLibs="false"
21        android:icon="@drawable/icon"
21-->src/main/AndroidManifest.xml:10:18-47
22        android:label="@string/app_name"
22-->src/main/AndroidManifest.xml:10:48-80
23        android:testOnly="true" >
24        <activity
24-->src/main/AndroidManifest.xml:11:9-18:20
25            android:name="com.rabbitxp.mp4.MP4Chooser"
25-->src/main/AndroidManifest.xml:11:19-44
26            android:label="@string/app_name"
26-->src/main/AndroidManifest.xml:13:19-51
27            android:theme="@android:style/Theme.NoTitleBar.Fullscreen" >
27-->src/main/AndroidManifest.xml:12:19-77
28            <intent-filter>
28-->src/main/AndroidManifest.xml:14:13-17:29
29                <action android:name="android.intent.action.MAIN" />
29-->src/main/AndroidManifest.xml:15:17-69
29-->src/main/AndroidManifest.xml:15:25-66
30
31                <category android:name="android.intent.category.LAUNCHER" />
31-->src/main/AndroidManifest.xml:16:17-77
31-->src/main/AndroidManifest.xml:16:27-74
32            </intent-filter>
33        </activity>
34        <activity
34-->src/main/AndroidManifest.xml:19:9-25:20
35            android:name="com.rabbitxp.mp4.CutterGUI"
35-->src/main/AndroidManifest.xml:19:19-43
36            android:configChanges="orientation|keyboardHidden|screenSize"
36-->src/main/AndroidManifest.xml:22:7-68
37            android:label="@string/app_name"
37-->src/main/AndroidManifest.xml:23:19-51
38            android:screenOrientation="landscape"
38-->src/main/AndroidManifest.xml:21:7-44
39            android:theme="@android:style/Theme.NoTitleBar.Fullscreen" >
39-->src/main/AndroidManifest.xml:20:19-77
40        </activity>
41    </application>
42
43</manifest>